
     Program DOS v.6.4.1 starts on 27Jun2021 at 20:40: 7 

     This program is part of the open-source Quantum ESPRESSO suite
     for quantum simulation of materials; please cite
         "P. Giannozzi et al., J. Phys.:Condens. Matter 21 395502 (2009);
         "P. Giannozzi et al., J. Phys.:Condens. Matter 29 465901 (2017);
          URL http://www.quantum-espresso.org", 
     in publications or presentations arising from this work. More details at
     http://www.quantum-espresso.org/quote

     Parallel version (MPI & OpenMP), running on      40 processor cores
     Number of MPI processes:                40
     Threads/MPI process:                     1

     MPI processes distributed on     1 nodes
     R & G space division:  proc/nbgrp/npool/nimage =      40

     IMPORTANT: XC functional enforced from input :
     Exchange-correlation      = PBE ( 1  4  3  4 0 0)
     Any further DFT definition will be discarded
     Please, verify this is what you really want

 
     Parallelization info
     --------------------
     sticks:   dense  smooth     PW     G-vecs:    dense   smooth      PW
     Min         184     184     48                16214    16214    2184
     Max         185     185     49                16221    16221    2189
     Sum        7375    7375   1945               648677   648677   87451
 

     Gaussian broadening (default values): ngauss,degauss=   0    0.002205

 
     DOS          :      3.12s CPU      8.96s WALL

 
   This run was terminated on:  20:40:16  27Jun2021            

=------------------------------------------------------------------------------=
   JOB DONE.
=------------------------------------------------------------------------------=
